[4.14959064 3.92058289]
[3.23362003 3.10309768]
[2.68720707 2.60369631]
[2.32700159 2.26938699]
[2.07323409 2.03133439]
[1.88581762 1.85414353]
[1.74246467 1.71780375]
[1.62981891 1.61016939]
[1.53939876 1.52344977]
[1.46556383 1.45242169]
[1.40441922 1.39345402]
[1.35318981 1.34394495]
[1.30984532 1.30198183]
[1.27286641 1.26612739]
[1.24109359 1.23528083]
[1.21362671 1.20858486]
[1.18975641 1.18536199]
[1.16891612 1.16506977]
[1.15064798 1.14726884]
[1.13457795 1.13159959]
[1.12039761 1.11776494]
[1.10785039 1.10551737]
[1.09672125 1.0946491 ]
[1.08682863 1.08498449]
[1.07801829 1.07637414]
[1.07015841 1.06869024]
[1.06313579 1.06182289]
[1.05685268 1.05567713]
[1.05122435 1.0501706 ]
[1.04617707 1.04523152]
[1.04164641 1.04079718]
[1.03757592 1.03681256]
[1.03391596 1.03322929]
[1.03062281 1.03000471]
[1.02765779 1.02710108]
[1.02498667 1.02448498]
0.9023613929748535
[0, array([1.91034571e-16]), array([0.08376229]), array([0.1971305]), array([0.29171058]), array([0.37205458]), array([0.44119943]), array([0.50128515]), array([0.55388576]), array([0.60019924]), array([0.64116309]), array([0.67752788]), array([0.70990597]), array([0.73880482]), array([0.76465047]), array([0.7878046]), array([0.80857701]), array([0.82723516]), array([0.84401149]), array([0.85910907]), array([0.8727062]), array([0.88496005]), array([0.8960096]), array([0.90597817]), array([0.91497542]), array([0.92309909]), array([0.93043647]), array([0.93706563]), array([0.94305648]), array([0.94847176]), array([0.95336776]), array([0.95779509]), array([0.96179928]), array([0.96542128]), array([0.96869801]), array([0.97166272])]
0
[1.91034571e-16]
[0.08376229]
[0.1971305]
[0.29171058]
[0.37205458]
[0.44119943]
[0.50128515]
[0.55388576]
[0.60019924]
[0.64116309]
[0.67752788]
[0.70990597]
[0.73880482]
[0.76465047]
[0.7878046]
[0.80857701]
[0.82723516]
[0.84401149]
[0.85910907]
[0.8727062]
[0.88496005]
[0.8960096]
[0.90597817]
[0.91497542]
[0.92309909]
[0.93043647]
[0.93706563]
[0.94305648]
[0.94847176]
[0.95336776]
[0.95779509]
[0.96179928]
[0.96542128]
[0.96869801]
[0.97166272]
Traceback (most recent call last):
  File "HPC_Pfix_Simulation.py", line 85, in <module>
    parallel_eqpop.write(str(int(math.ceil(parValue[parName['T']]*row[0])))+'\n')
TypeError: 'int' object is not subscriptable
Detailed performance metrics for this job will be available at https://metrics.hpc.arizona.edu/#job_viewer?action=show&realm=SUPREMM&resource_id=5&local_job_id=132137 by 8am on 2021/08/26.
